<?xml version="1.0" encoding="UTF-8"?>
<testsuite name="ru.ac.uniyar.testingcourse.LaserTest$SystemTimeMock" tests="1" skipped="0" failures="1" errors="0" timestamp="2021-04-07T07:34:50" hostname="PC216-03" time="0.006">
  <properties/>
  <testcase name="simpleCase()" classname="ru.ac.uniyar.testingcourse.LaserTest$SystemTimeMock" time="0.006">
    <failure message="java.lang.RuntimeException: Method code too large!" type="java.lang.RuntimeException">java.lang.RuntimeException: Method code too large!
	at mockit.external.asm.MethodWriter.getSize(MethodWriter.java:2036)
	at mockit.external.asm.ClassWriter.toByteArray(ClassWriter.java:841)
	at mockit.external.asm.ClassVisitor.toByteArray(ClassVisitor.java:296)
	at mockit.internal.mockups.MockClassSetup.modifyRealClass(MockClassSetup.java:111)
	at mockit.internal.mockups.MockClassSetup.redefineMethodsInClassHierarchy(MockClassSetup.java:86)
	at mockit.internal.mockups.MockClassSetup.redefineMethods(MockClassSetup.java:76)
	at mockit.MockUp.redefineMethods(MockUp.java:207)
	at mockit.MockUp.redefineClassOrImplementInterface(MockUp.java:193)
	at mockit.MockUp.&lt;init&gt;(MockUp.java:135)
	at ru.ac.uniyar.testingcourse.LaserTest$SystemTimeMock.&lt;init&gt;(LaserTest.java:7)
	at ru.ac.uniyar.testingcourse.LaserTest$SystemTimeMock.&lt;init&gt;(LaserTest.java:17)
	at ru.ac.uniyar.testingcourse.LaserTest$SystemTimeMock.&lt;init&gt;(LaserTest.java:17)
	at ru.ac.uniyar.testingcourse.LaserTest$SystemTimeMock.&lt;init&gt;(LaserTest.java:17)
	at ru.ac.uniyar.testingcourse.LaserTest$SystemTimeMock.&lt;init&gt;(LaserTest.java:17)
	at ru.ac.uniyar.testingcourse.LaserTest$SystemTimeMock.&lt;init&gt;(LaserTest.java:17)
	at ru.ac.uniyar.testingcourse.LaserTest$SystemTimeMock.&lt;init&gt;(LaserTest.java:17)
	at ru.ac.uniyar.testingcourse.LaserTest$SystemTimeMock.&lt;init&gt;(LaserTest.java:17)
	at ru.ac.uniyar.testingcourse.LaserTest$SystemTimeMock.&lt;init&gt;(LaserTest.java:17)
	at ru.ac.uniyar.testingcourse.LaserTest$SystemTimeMock.&lt;init&gt;(LaserTest.java:17)
	at ru.ac.uniyar.testingcourse.LaserTest$SystemTimeMock.&lt;init&gt;(LaserTest.java:17)
	at ru.ac.uniyar.testingcourse.LaserTest$SystemTimeMock.&lt;init&gt;(LaserTest.java:17)
	at ru.ac.uniyar.testingcourse.LaserTest$SystemTimeMock.&lt;init&gt;(LaserTest.java:17)
	at ru.ac.uniyar.testingcourse.LaserTest$SystemTimeMock.&lt;init&gt;(LaserTest.java:17)
	at ru.ac.uniyar.testingcourse.LaserTest$SystemTimeMock.&lt;init&gt;(LaserTest.java:17)
	at ru.ac.uniyar.testingcourse.LaserTest$SystemTimeMock.&lt;init&gt;(LaserTest.java:17)
	at ru.ac.uniyar.testingcourse.LaserTest$SystemTimeMock.&lt;init&gt;(LaserTest.java:17)
	at ru.ac.uniyar.testingcourse.LaserTest$SystemTimeMock.&lt;init&gt;(LaserTest.java:17)
	at ru.ac.uniyar.testingcourse.LaserTest$SystemTimeMock.&lt;init&gt;(LaserTest.java:17)
	at ru.ac.uniyar.testingcourse.LaserTest$SystemTimeMock.&lt;init&gt;(LaserTest.java:17)
	at ru.ac.uniyar.testingcourse.LaserTest$SystemTimeMock.&lt;init&gt;(LaserTest.java:17)
	at ru.ac.uniyar.testingcourse.LaserTest$SystemTimeMock.&lt;init&gt;(LaserTest.java:17)
	at ru.ac.uniyar.testingcourse.LaserTest$SystemTimeMock.&lt;init&gt;(LaserTest.java:17)
	at ru.ac.uniyar.testingcourse.LaserTest$SystemTimeMock.&lt;init&gt;(LaserTest.java:17)
	at ru.ac.uniyar.testingcourse.LaserTest$SystemTimeMock.&lt;init&gt;(LaserTest.java:17)
	at ru.ac.uniyar.testingcourse.LaserTest$SystemTimeMock.&lt;init&gt;(LaserTest.java:17)
	at ru.ac.uniyar.testingcourse.LaserTest$SystemTimeMock.&lt;init&gt;(LaserTest.java:17)
	at ru.ac.uniyar.testingcourse.LaserTest$SystemTimeMock.&lt;init&gt;(LaserTest.java:17)
	at ru.ac.uniyar.testingcourse.LaserTest$SystemTimeMock.&lt;init&gt;(LaserTest.java:17)
	at ru.ac.uniyar.testingcourse.LaserTest$SystemTimeMock.&lt;init&gt;(LaserTest.java:17)
	at ru.ac.uniyar.testingcourse.LaserTest$SystemTimeMock.&lt;init&gt;(LaserTest.java:17)
	at ru.ac.uniyar.testingcourse.LaserTest$SystemTimeMock.&lt;init&gt;(LaserTest.java:17)
	at ru.ac.uniyar.testingcourse.LaserTest$SystemTimeMock.&lt;init&gt;(LaserTest.java:17)
	at ru.ac.uniyar.testingcourse.LaserTest$SystemTimeMock.&lt;init&gt;(LaserTest.java:17)
	at ru.ac.uniyar.testingcourse.LaserTest$SystemTimeMock.&lt;init&gt;(LaserTest.java:17)
	at ru.ac.uniyar.testingcourse.LaserTest$SystemTimeMock.&lt;init&gt;(LaserTest.java:17)
	at ru.ac.uniyar.testingcourse.LaserTest$SystemTimeMock.&lt;init&gt;(LaserTest.java:17)
	at ru.ac.uniyar.testingcourse.LaserTest$SystemTimeMock.&lt;init&gt;(LaserTest.java:17)
	at ru.ac.uniyar.testingcourse.LaserTest$SystemTimeMock.&lt;init&gt;(LaserTest.java:17)
	at ru.ac.uniyar.testingcourse.LaserTest$SystemTimeMock.&lt;init&gt;(LaserTest.java:17)
	at ru.ac.uniyar.testingcourse.LaserTest$SystemTimeMock.&lt;init&gt;(LaserTest.java:17)
	at ru.ac.uniyar.testingcourse.LaserTest$SystemTimeMock.&lt;init&gt;(LaserTest.java:17)
	at ru.ac.uniyar.testingcourse.LaserTest$SystemTimeMock.&lt;init&gt;(LaserTest.java:17)
	at ru.ac.uniyar.testingcourse.LaserTest$SystemTimeMock.&lt;init&gt;(LaserTest.java:17)
	at ru.ac.uniyar.testingcourse.LaserTest$SystemTimeMock.&lt;init&gt;(LaserTest.java:17)
	at ru.ac.uniyar.testingcourse.LaserTest$SystemTimeMock.&lt;init&gt;(LaserTest.java:17)
	at ru.ac.uniyar.testingcourse.LaserTest$SystemTimeMock.&lt;init&gt;(LaserTest.java:17)
	at ru.ac.uniyar.testingcourse.LaserTest$SystemTimeMock.&lt;init&gt;(LaserTest.java:17)
	at ru.ac.uniyar.testingcourse.LaserTest$SystemTimeMock.&lt;init&gt;(LaserTest.java:17)
	at ru.ac.uniyar.testingcourse.LaserTest$SystemTimeMock.&lt;init&gt;(LaserTest.java:17)
	at ru.ac.uniyar.testingcourse.LaserTest$SystemTimeMock.&lt;init&gt;(LaserTest.java:17)
	at ru.ac.uniyar.testingcourse.LaserTest$SystemTimeMock.&lt;init&gt;(LaserTest.java:17)
	at ru.ac.uniyar.testingcourse.LaserTest$SystemTimeMock.&lt;init&gt;(LaserTest.java:17)
	at ru.ac.uniyar.testingcourse.LaserTest$SystemTimeMock.&lt;init&gt;(LaserTest.java:17)
	at ru.ac.uniyar.testingcourse.LaserTest$SystemTimeMock.&lt;init&gt;(LaserTest.java:17)
	at ru.ac.uniyar.testingcourse.LaserTest$SystemTimeMock.&lt;init&gt;(LaserTest.java:17)
	at ru.ac.uniyar.testingcourse.LaserTest$SystemTimeMock.&lt;init&gt;(LaserTest.java:17)
	at ru.ac.uniyar.testingcourse.LaserTest$SystemTimeMock.&lt;init&gt;(LaserTest.java:17)
	at ru.ac.uniyar.testingcourse.LaserTest$SystemTimeMock.&lt;init&gt;(LaserTest.java:17)
	at ru.ac.uniyar.testingcourse.LaserTest$SystemTimeMock.&lt;init&gt;(LaserTest.java:17)
	at ru.ac.uniyar.testingcourse.LaserTest$SystemTimeMock.&lt;init&gt;(LaserTest.java:17)
	at ru.ac.uniyar.testingcourse.LaserTest$SystemTimeMock.&lt;init&gt;(LaserTest.java:17)
	at ru.ac.uniyar.testingcourse.LaserTest$SystemTimeMock.&lt;init&gt;(LaserTest.java:17)
	at ru.ac.uniyar.testingcourse.LaserTest$SystemTimeMock.&lt;init&gt;(LaserTest.java:17)
	at ru.ac.uniyar.testingcourse.LaserTest$SystemTimeMock.&lt;init&gt;(LaserTest.java:17)
	at ru.ac.uniyar.testingcourse.LaserTest$SystemTimeMock.&lt;init&gt;(LaserTest.java:17)
	at ru.ac.uniyar.testingcourse.LaserTest$SystemTimeMock.&lt;init&gt;(LaserTest.java:17)
	at ru.ac.uniyar.testingcourse.LaserTest$SystemTimeMock.&lt;init&gt;(LaserTest.java:17)
	at ru.ac.uniyar.testingcourse.LaserTest$SystemTimeMock.&lt;init&gt;(LaserTest.java:17)
	at ru.ac.uniyar.testingcourse.LaserTest$SystemTimeMock.&lt;init&gt;(LaserTest.java:17)
	at ru.ac.uniyar.testingcourse.LaserTest$SystemTimeMock.&lt;init&gt;(LaserTest.java:17)
	at ru.ac.uniyar.testingcourse.LaserTest$SystemTimeMock.&lt;init&gt;(LaserTest.java:17)
	at ru.ac.uniyar.testingcourse.LaserTest$SystemTimeMock.&lt;init&gt;(LaserTest.java:17)
	at ru.ac.uniyar.testingcourse.LaserTest$SystemTimeMock.&lt;init&gt;(LaserTest.java:17)
	at ru.ac.uniyar.testingcourse.LaserTest$SystemTimeMock.&lt;init&gt;(LaserTest.java:17)
	at ru.ac.uniyar.testingcourse.LaserTest$SystemTimeMock.&lt;init&gt;(LaserTest.java:17)
	at ru.ac.uniyar.testingcourse.LaserTest$SystemTimeMock.&lt;init&gt;(LaserTest.java:17)
	at ru.ac.uniyar.testingcourse.LaserTest$SystemTimeMock.&lt;init&gt;(LaserTest.java:17)
	at ru.ac.uniyar.testingcourse.LaserTest$SystemTimeMock.&lt;init&gt;(LaserTest.java:17)
	at ru.ac.uniyar.testingcourse.LaserTest$SystemTimeMock.&lt;init&gt;(LaserTest.java:17)
	at ru.ac.uniyar.testingcourse.LaserTest$SystemTimeMock.&lt;init&gt;(LaserTest.java:17)
	at ru.ac.uniyar.testingcourse.LaserTest$SystemTimeMock.&lt;init&gt;(LaserTest.java:17)
	at ru.ac.uniyar.testingcourse.LaserTest$SystemTimeMock.&lt;init&gt;(LaserTest.java:17)
	at ru.ac.uniyar.testingcourse.LaserTest$SystemTimeMock.&lt;init&gt;(LaserTest.java:17)
	at ru.ac.uniyar.testingcourse.LaserTest$SystemTimeMock.&lt;init&gt;(LaserTest.java:17)
	at ru.ac.uniyar.testingcourse.LaserTest$SystemTimeMock.&lt;init&gt;(LaserTest.java:17)
	at ru.ac.uniyar.testingcourse.LaserTest$SystemTimeMock.&lt;init&gt;(LaserTest.java:17)
	at ru.ac.uniyar.testingcourse.LaserTest$SystemTimeMock.&lt;init&gt;(LaserTest.java:17)
	at ru.ac.uniyar.testingcourse.LaserTest$SystemTimeMock.&lt;init&gt;(LaserTest.java:17)
	at ru.ac.uniyar.testingcourse.LaserTest$SystemTimeMock.&lt;init&gt;(LaserTest.java:17)
	at ru.ac.uniyar.testingcourse.LaserTest$SystemTimeMock.&lt;init&gt;(LaserTest.java:17)
	at ru.ac.uniyar.testingcourse.LaserTest$SystemTimeMock.&lt;init&gt;(LaserTest.java:17)
	at ru.ac.uniyar.testingcourse.LaserTest$SystemTimeMock.&lt;init&gt;(LaserTest.java:17)
	at ru.ac.uniyar.testingcourse.LaserTest$SystemTimeMock.&lt;init&gt;(LaserTest.java:17)
	at ru.ac.uniyar.testingcourse.LaserTest$SystemTimeMock.&lt;init&gt;(LaserTest.java:17)
	at ru.ac.uniyar.testingcourse.LaserTest$SystemTimeMock.&lt;init&gt;(LaserTest.java:17)
	at ru.ac.uniyar.testingcourse.LaserTest$SystemTimeMock.&lt;init&gt;(LaserTest.java:17)
	at ru.ac.uniyar.testingcourse.LaserTest$SystemTimeMock.&lt;init&gt;(LaserTest.java:17)
	at ru.ac.uniyar.testingcourse.LaserTest$SystemTimeMock.&lt;init&gt;(LaserTest.java:17)
	at ru.ac.uniyar.testingcourse.LaserTest$SystemTimeMock.&lt;init&gt;(LaserTest.java:17)
	at ru.ac.uniyar.testingcourse.LaserTest$SystemTimeMock.&lt;init&gt;(LaserTest.java:17)
	at ru.ac.uniyar.testingcourse.LaserTest$SystemTimeMock.&lt;init&gt;(LaserTest.java:17)
	at ru.ac.uniyar.testingcourse.LaserTest$SystemTimeMock.&lt;init&gt;(LaserTest.java:17)
	at ru.ac.uniyar.testingcourse.LaserTest$SystemTimeMock.&lt;init&gt;(LaserTest.java:17)
	at ru.ac.uniyar.testingcourse.LaserTest$SystemTimeMock.&lt;init&gt;(LaserTest.java:17)
	at ru.ac.uniyar.testingcourse.LaserTest$SystemTimeMock.&lt;init&gt;(LaserTest.java:17)
	at ru.ac.uniyar.testingcourse.LaserTest$SystemTimeMock.&lt;init&gt;(LaserTest.java:17)
	at ru.ac.uniyar.testingcourse.LaserTest$SystemTimeMock.&lt;init&gt;(LaserTest.java:17)
	at ru.ac.uniyar.testingcourse.LaserTest$SystemTimeMock.&lt;init&gt;(LaserTest.java:17)
	at ru.ac.uniyar.testingcourse.LaserTest$SystemTimeMock.&lt;init&gt;(LaserTest.java:17)
	at ru.ac.uniyar.testingcourse.LaserTest$SystemTimeMock.&lt;init&gt;(LaserTest.java:17)
	at ru.ac.uniyar.testingcourse.LaserTest$SystemTimeMock.&lt;init&gt;(LaserTest.java:17)
	at ru.ac.uniyar.testingcourse.LaserTest$SystemTimeMock.&lt;init&gt;(LaserTest.java:17)
	at ru.ac.uniyar.testingcourse.LaserTest$SystemTimeMock.&lt;init&gt;(LaserTest.java:17)
	at ru.ac.uniyar.testingcourse.LaserTest$SystemTimeMock.&lt;init&gt;(LaserTest.java:17)
	at ru.ac.uniyar.testingcourse.LaserTest$SystemTimeMock.&lt;init&gt;(LaserTest.java:17)
	at ru.ac.uniyar.testingcourse.LaserTest$SystemTimeMock.&lt;init&gt;(LaserTest.java:17)
	at ru.ac.uniyar.testingcourse.LaserTest$SystemTimeMock.&lt;init&gt;(LaserTest.java:17)
	at ru.ac.uniyar.testingcourse.LaserTest$SystemTimeMock.&lt;init&gt;(LaserTest.java:17)
	at ru.ac.uniyar.testingcourse.LaserTest$SystemTimeMock.&lt;init&gt;(LaserTest.java:17)
	at ru.ac.uniyar.testingcourse.LaserTest$SystemTimeMock.&lt;init&gt;(LaserTest.java:17)
	at ru.ac.uniyar.testingcourse.LaserTest$SystemTimeMock.&lt;init&gt;(LaserTest.java:17)
	at ru.ac.uniyar.testingcourse.LaserTest$SystemTimeMock.&lt;init&gt;(LaserTest.java:17)
	at ru.ac.uniyar.testingcourse.LaserTest$SystemTimeMock.&lt;init&gt;(LaserTest.java:17)
	at ru.ac.uniyar.testingcourse.LaserTest$SystemTimeMock.&lt;init&gt;(LaserTest.java:17)
	at ru.ac.uniyar.testingcourse.LaserTest$SystemTimeMock.&lt;init&gt;(LaserTest.java:17)
	at ru.ac.uniyar.testingcourse.LaserTest$SystemTimeMock.&lt;init&gt;(LaserTest.java:17)
	at ru.ac.uniyar.testingcourse.LaserTest$SystemTimeMock.&lt;init&gt;(LaserTest.java:17)
	at ru.ac.uniyar.testingcourse.LaserTest$SystemTimeMock.&lt;init&gt;(LaserTest.java:17)
	at ru.ac.uniyar.testingcourse.LaserTest$SystemTimeMock.&lt;init&gt;(LaserTest.java:17)
	at ru.ac.uniyar.testingcourse.LaserTest$SystemTimeMock.&lt;init&gt;(LaserTest.java:17)
	at ru.ac.uniyar.testingcourse.LaserTest$SystemTimeMock.&lt;init&gt;(LaserTest.java:17)
	at ru.ac.uniyar.testingcourse.LaserTest$SystemTimeMock.&lt;init&gt;(LaserTest.java:17)
	at ru.ac.uniyar.testingcourse.LaserTest$SystemTimeMock.&lt;init&gt;(LaserTest.java:17)
	at ru.ac.uniyar.testingcourse.LaserTest$SystemTimeMock.&lt;init&gt;(LaserTest.java:17)
	at ru.ac.uniyar.testingcourse.LaserTest$SystemTimeMock.&lt;init&gt;(LaserTest.java:17)
	at ru.ac.uniyar.testingcourse.LaserTest$SystemTimeMock.&lt;init&gt;(LaserTest.java:17)
	at ru.ac.uniyar.testingcourse.LaserTest$SystemTimeMock.&lt;init&gt;(LaserTest.java:17)
	at ru.ac.uniyar.testingcourse.LaserTest$SystemTimeMock.&lt;init&gt;(LaserTest.java:17)
	at ru.ac.uniyar.testingcourse.LaserTest$SystemTimeMock.&lt;init&gt;(LaserTest.java:17)
	at ru.ac.uniyar.testingcourse.LaserTest$SystemTimeMock.&lt;init&gt;(LaserTest.java:17)
	at ru.ac.uniyar.testingcourse.LaserTest$SystemTimeMock.&lt;init&gt;(LaserTest.java:17)
	at ru.ac.uniyar.testingcourse.LaserTest$SystemTimeMock.&lt;init&gt;(LaserTest.java:17)
	at ru.ac.uniyar.testingcourse.LaserTest$SystemTimeMock.&lt;init&gt;(LaserTest.java:17)
	at ru.ac.uniyar.testingcourse.LaserTest$SystemTimeMock.&lt;init&gt;(LaserTest.java:17)
	at ru.ac.uniyar.testingcourse.LaserTest$SystemTimeMock.&lt;init&gt;(LaserTest.java:17)
	at ru.ac.uniyar.testingcourse.LaserTest$SystemTimeMock.&lt;init&gt;(LaserTest.java:17)
	at ru.ac.uniyar.testingcourse.LaserTest$SystemTimeMock.&lt;init&gt;(LaserTest.java:17)
	at ru.ac.uniyar.testingcourse.LaserTest$SystemTimeMock.&lt;init&gt;(LaserTest.java:17)
	at ru.ac.uniyar.testingcourse.LaserTest$SystemTimeMock.&lt;init&gt;(LaserTest.java:17)
	at ru.ac.uniyar.testingcourse.LaserTest$SystemTimeMock.&lt;init&gt;(LaserTest.java:17)
	at ru.ac.uniyar.testingcourse.LaserTest$SystemTimeMock.&lt;init&gt;(LaserTest.java:17)
	at ru.ac.uniyar.testingcourse.LaserTest$SystemTimeMock.&lt;init&gt;(LaserTest.java:17)
	at ru.ac.uniyar.testingcourse.LaserTest$SystemTimeMock.&lt;init&gt;(LaserTest.java:17)
	at ru.ac.uniyar.testingcourse.LaserTest$SystemTimeMock.&lt;init&gt;(LaserTest.java:17)
	at ru.ac.uniyar.testingcourse.LaserTest$SystemTimeMock.&lt;init&gt;(LaserTest.java:17)
	at ru.ac.uniyar.testingcourse.LaserTest$SystemTimeMock.&lt;init&gt;(LaserTest.java:17)
	at ru.ac.uniyar.testingcourse.LaserTest$SystemTimeMock.&lt;init&gt;(LaserTest.java:17)
	at ru.ac.uniyar.testingcourse.LaserTest$SystemTimeMock.&lt;init&gt;(LaserTest.java:17)
	at ru.ac.uniyar.testingcourse.LaserTest$SystemTimeMock.&lt;init&gt;(LaserTest.java:17)
	at ru.ac.uniyar.testingcourse.LaserTest$SystemTimeMock.&lt;init&gt;(LaserTest.java:17)
	at ru.ac.uniyar.testingcourse.LaserTest$SystemTimeMock.&lt;init&gt;(LaserTest.java:17)
	at ru.ac.uniyar.testingcourse.LaserTest$SystemTimeMock.&lt;init&gt;(LaserTest.java:17)
	at ru.ac.uniyar.testingcourse.LaserTest$SystemTimeMock.&lt;init&gt;(LaserTest.java:17)
	at ru.ac.uniyar.testingcourse.LaserTest$SystemTimeMock.&lt;init&gt;(LaserTest.java:17)
	at ru.ac.uniyar.testingcourse.LaserTest$SystemTimeMock.&lt;init&gt;(LaserTest.java:17)
	at ru.ac.uniyar.testingcourse.LaserTest$SystemTimeMock.&lt;init&gt;(LaserTest.java:17)
	at ru.ac.uniyar.testingcourse.LaserTest$SystemTimeMock.&lt;init&gt;(LaserTest.java:17)
	at ru.ac.uniyar.testingcourse.LaserTest$SystemTimeMock.&lt;init&gt;(LaserTest.java:17)
	at ru.ac.uniyar.testingcourse.LaserTest$SystemTimeMock.&lt;init&gt;(LaserTest.java:17)
	at ru.ac.uniyar.testingcourse.LaserTest$SystemTimeMock.&lt;init&gt;(LaserTest.java:17)
	at ru.ac.uniyar.testingcourse.LaserTest$SystemTimeMock.&lt;init&gt;(LaserTest.java:17)
	at ru.ac.uniyar.testingcourse.LaserTest$SystemTimeMock.&lt;init&gt;(LaserTest.java:17)
	at ru.ac.uniyar.testingcourse.LaserTest$SystemTimeMock.&lt;init&gt;(LaserTest.java:17)
	at ru.ac.uniyar.testingcourse.LaserTest$SystemTimeMock.&lt;init&gt;(LaserTest.java:17)
	at ru.ac.uniyar.testingcourse.LaserTest$SystemTimeMock.&lt;init&gt;(LaserTest.java:17)
	at ru.ac.uniyar.testingcourse.LaserTest$SystemTimeMock.&lt;init&gt;(LaserTest.java:17)
	at ru.ac.uniyar.testingcourse.LaserTest$SystemTimeMock.&lt;init&gt;(LaserTest.java:17)
	at ru.ac.uniyar.testingcourse.LaserTest$SystemTimeMock.&lt;init&gt;(LaserTest.java:17)
	at ru.ac.uniyar.testingcourse.LaserTest$SystemTimeMock.&lt;init&gt;(LaserTest.java:17)
	at ru.ac.uniyar.testingcourse.LaserTest$SystemTimeMock.&lt;init&gt;(LaserTest.java:17)
	at ru.ac.uniyar.testingcourse.LaserTest$SystemTimeMock.&lt;init&gt;(LaserTest.java:17)
	at ru.ac.uniyar.testingcourse.LaserTest$SystemTimeMock.&lt;init&gt;(LaserTest.java:17)
	at ru.ac.uniyar.testingcourse.LaserTest$SystemTimeMock.&lt;init&gt;(LaserTest.java:17)
	at ru.ac.uniyar.testingcourse.LaserTest$SystemTimeMock.&lt;init&gt;(LaserTest.java:17)
	at ru.ac.uniyar.testingcourse.LaserTest$SystemTimeMock.&lt;init&gt;(LaserTest.java:17)
	at ru.ac.uniyar.testingcourse.LaserTest$SystemTimeMock.&lt;init&gt;(LaserTest.java:17)
	at ru.ac.uniyar.testingcourse.LaserTest$SystemTimeMock.&lt;init&gt;(LaserTest.java:17)
	at ru.ac.uniyar.testingcourse.LaserTest$SystemTimeMock.&lt;init&gt;(LaserTest.java:17)
	at ru.ac.uniyar.testingcourse.LaserTest$SystemTimeMock.&lt;init&gt;(LaserTest.java:17)
	at ru.ac.uniyar.testingcourse.LaserTest$SystemTimeMock.&lt;init&gt;(LaserTest.java:17)
	at ru.ac.uniyar.testingcourse.LaserTest$SystemTimeMock.&lt;init&gt;(LaserTest.java:17)
	at ru.ac.uniyar.testingcourse.LaserTest$SystemTimeMock.&lt;init&gt;(LaserTest.java:17)
	at ru.ac.uniyar.testingcourse.LaserTest$SystemTimeMock.&lt;init&gt;(LaserTest.java:17)
	at ru.ac.uniyar.testingcourse.LaserTest$SystemTimeMock.&lt;init&gt;(LaserTest.java:17)
	at ru.ac.uniyar.testingcourse.LaserTest$SystemTimeMock.&lt;init&gt;(LaserTest.java:17)
	at ru.ac.uniyar.testingcourse.LaserTest$SystemTimeMock.&lt;init&gt;(LaserTest.java:17)
	at ru.ac.uniyar.testingcourse.LaserTest$SystemTimeMock.&lt;init&gt;(LaserTest.java:17)
	at ru.ac.uniyar.testingcourse.LaserTest$SystemTimeMock.&lt;init&gt;(LaserTest.java:17)
	at ru.ac.uniyar.testingcourse.LaserTest$SystemTimeMock.&lt;init&gt;(LaserTest.java:17)
	at ru.ac.uniyar.testingcourse.LaserTest$SystemTimeMock.&lt;init&gt;(LaserTest.java:17)
	at ru.ac.uniyar.testingcourse.LaserTest$SystemTimeMock.&lt;init&gt;(LaserTest.java:17)
	at ru.ac.uniyar.testingcourse.LaserTest$SystemTimeMock.&lt;init&gt;(LaserTest.java:17)
	at ru.ac.uniyar.testingcourse.LaserTest$SystemTimeMock.&lt;init&gt;(LaserTest.java:17)
	at ru.ac.uniyar.testingcourse.LaserTest$SystemTimeMock.&lt;init&gt;(LaserTest.java:17)
	at ru.ac.uniyar.testingcourse.LaserTest$SystemTimeMock.&lt;init&gt;(LaserTest.java:17)
	at ru.ac.uniyar.testingcourse.LaserTest$SystemTimeMock.&lt;init&gt;(LaserTest.java:17)
	at ru.ac.uniyar.testingcourse.LaserTest$SystemTimeMock.&lt;init&gt;(LaserTest.java:17)
	at ru.ac.uniyar.testingcourse.LaserTest$SystemTimeMock.&lt;init&gt;(LaserTest.java:17)
	at ru.ac.uniyar.testingcourse.LaserTest$SystemTimeMock.&lt;init&gt;(LaserTest.java:17)
	at ru.ac.uniyar.testingcourse.LaserTest$SystemTimeMock.&lt;init&gt;(LaserTest.java:17)
	at ru.ac.uniyar.testingcourse.LaserTest$SystemTimeMock.&lt;init&gt;(LaserTest.java:17)
	at ru.ac.uniyar.testingcourse.LaserTest$SystemTimeMock.&lt;init&gt;(LaserTest.java:17)
	at ru.ac.uniyar.testingcourse.LaserTest$SystemTimeMock.&lt;init&gt;(LaserTest.java:17)
	at ru.ac.uniyar.testingcourse.LaserTest$SystemTimeMock.&lt;init&gt;(LaserTest.java:17)
	at ru.ac.uniyar.testingcourse.LaserTest$SystemTimeMock.&lt;init&gt;(LaserTest.java:17)
	at ru.ac.uniyar.testingcourse.LaserTest$SystemTimeMock.&lt;init&gt;(LaserTest.java:17)
	at ru.ac.uniyar.testingcourse.LaserTest$SystemTimeMock.&lt;init&gt;(LaserTest.java:17)
	at ru.ac.uniyar.testingcourse.LaserTest$SystemTimeMock.&lt;init&gt;(LaserTest.java:17)
	at ru.ac.uniyar.testingcourse.LaserTest$SystemTimeMock.&lt;init&gt;(LaserTest.java:17)
	at ru.ac.uniyar.testingcourse.LaserTest$SystemTimeMock.&lt;init&gt;(LaserTest.java:17)
	at ru.ac.uniyar.testingcourse.LaserTest$SystemTimeMock.&lt;init&gt;(LaserTest.java:17)
	at ru.ac.uniyar.testingcourse.LaserTest$SystemTimeMock.&lt;init&gt;(LaserTest.java:17)
	at ru.ac.uniyar.testingcourse.LaserTest$SystemTimeMock.&lt;init&gt;(LaserTest.java:17)
	at ru.ac.uniyar.testingcourse.LaserTest$SystemTimeMock.&lt;init&gt;(LaserTest.java:17)
	at ru.ac.uniyar.testingcourse.LaserTest$SystemTimeMock.&lt;init&gt;(LaserTest.java:17)
	at ru.ac.uniyar.testingcourse.LaserTest$SystemTimeMock.&lt;init&gt;(LaserTest.java:17)
	at ru.ac.uniyar.testingcourse.LaserTest$SystemTimeMock.&lt;init&gt;(LaserTest.java:17)
	at ru.ac.uniyar.testingcourse.LaserTest$SystemTimeMock.&lt;init&gt;(LaserTest.java:17)
	at ru.ac.uniyar.testingcourse.LaserTest$SystemTimeMock.&lt;init&gt;(LaserTest.java:17)
	at ru.ac.uniyar.testingcourse.LaserTest$SystemTimeMock.&lt;init&gt;(LaserTest.java:17)
	at ru.ac.uniyar.testingcourse.LaserTest$SystemTimeMock.&lt;init&gt;(LaserTest.java:17)
	at ru.ac.uniyar.testingcourse.LaserTest$SystemTimeMock.&lt;init&gt;(LaserTest.java:17)
	at ru.ac.uniyar.testingcourse.LaserTest$SystemTimeMock.&lt;init&gt;(LaserTest.java:17)
	at ru.ac.uniyar.testingcourse.LaserTest$SystemTimeMock.&lt;init&gt;(LaserTest.java:17)
	at ru.ac.uniyar.testingcourse.LaserTest$SystemTimeMock.&lt;init&gt;(LaserTest.java:17)
	at ru.ac.uniyar.testingcourse.LaserTest$SystemTimeMock.&lt;init&gt;(LaserTest.java:17)
	at ru.ac.uniyar.testingcourse.LaserTest$SystemTimeMock.&lt;init&gt;(LaserTest.java:17)
	at ru.ac.uniyar.testingcourse.LaserTest$SystemTimeMock.&lt;init&gt;(LaserTest.java:17)
	at ru.ac.uniyar.testingcourse.LaserTest$SystemTimeMock.&lt;init&gt;(LaserTest.java:17)
	at ru.ac.uniyar.testingcourse.LaserTest$SystemTimeMock.&lt;init&gt;(LaserTest.java:17)
	at ru.ac.uniyar.testingcourse.LaserTest$SystemTimeMock.&lt;init&gt;(LaserTest.java:17)
	at ru.ac.uniyar.testingcourse.LaserTest$SystemTimeMock.&lt;init&gt;(LaserTest.java:17)
	at ru.ac.uniyar.testingcourse.LaserTest$SystemTimeMock.&lt;init&gt;(LaserTest.java:17)
	at ru.ac.uniyar.testingcourse.LaserTest$SystemTimeMock.&lt;init&gt;(LaserTest.java:17)
	at ru.ac.uniyar.testingcourse.LaserTest$SystemTimeMock.&lt;init&gt;(LaserTest.java:17)
	at ru.ac.uniyar.testingcourse.LaserTest$SystemTimeMock.&lt;init&gt;(LaserTest.java:17)
	at ru.ac.uniyar.testingcourse.LaserTest$SystemTimeMock.&lt;init&gt;(LaserTest.java:17)
	at ru.ac.uniyar.testingcourse.LaserTest$SystemTimeMock.&lt;init&gt;(LaserTest.java:17)
	at ru.ac.uniyar.testingcourse.LaserTest$SystemTimeMock.&lt;init&gt;(LaserTest.java:17)
	at ru.ac.uniyar.testingcourse.LaserTest$SystemTimeMock.&lt;init&gt;(LaserTest.java:17)
	at ru.ac.uniyar.testingcourse.LaserTest$SystemTimeMock.&lt;init&gt;(LaserTest.java:17)
	at ru.ac.uniyar.testingcourse.LaserTest$SystemTimeMock.&lt;init&gt;(LaserTest.java:17)
	at ru.ac.uniyar.testingcourse.LaserTest$SystemTimeMock.&lt;init&gt;(LaserTest.java:17)
	at ru.ac.uniyar.testingcourse.LaserTest$SystemTimeMock.&lt;init&gt;(LaserTest.java:17)
	at ru.ac.uniyar.testingcourse.LaserTest$SystemTimeMock.&lt;init&gt;(LaserTest.java:17)
	at ru.ac.uniyar.testingcourse.LaserTest$SystemTimeMock.&lt;init&gt;(LaserTest.java:17)
	at ru.ac.uniyar.testingcourse.LaserTest$SystemTimeMock.&lt;init&gt;(LaserTest.java:17)
	at ru.ac.uniyar.testingcourse.LaserTest$SystemTimeMock.&lt;init&gt;(LaserTest.java:17)
	at ru.ac.uniyar.testingcourse.LaserTest$SystemTimeMock.&lt;init&gt;(LaserTest.java:17)
	at ru.ac.uniyar.testingcourse.LaserTest$SystemTimeMock.&lt;init&gt;(LaserTest.java:17)
	at ru.ac.uniyar.testingcourse.LaserTest$SystemTimeMock.&lt;init&gt;(LaserTest.java:17)
	at ru.ac.uniyar.testingcourse.LaserTest$SystemTimeMock.&lt;init&gt;(LaserTest.java:17)
	at ru.ac.uniyar.testingcourse.LaserTest$SystemTimeMock.&lt;init&gt;(LaserTest.java:17)
	at ru.ac.uniyar.testingcourse.LaserTest$SystemTimeMock.&lt;init&gt;(LaserTest.java:17)
	at ru.ac.uniyar.testingcourse.LaserTest$SystemTimeMock.&lt;init&gt;(LaserTest.java:17)
	at ru.ac.uniyar.testingcourse.LaserTest$SystemTimeMock.&lt;init&gt;(LaserTest.java:17)
	at ru.ac.uniyar.testingcourse.LaserTest$SystemTimeMock.&lt;init&gt;(LaserTest.java:17)
	at ru.ac.uniyar.testingcourse.LaserTest$SystemTimeMock.&lt;init&gt;(LaserTest.java:17)
	at ru.ac.uniyar.testingcourse.LaserTest$SystemTimeMock.&lt;init&gt;(LaserTest.java:17)
	at ru.ac.uniyar.testingcourse.LaserTest$SystemTimeMock.&lt;init&gt;(LaserTest.java:17)
	at ru.ac.uniyar.testingcourse.LaserTest$SystemTimeMock.&lt;init&gt;(LaserTest.java:17)
	at ru.ac.uniyar.testingcourse.LaserTest$SystemTimeMock.&lt;init&gt;(LaserTest.java:17)
	at ru.ac.uniyar.testingcourse.LaserTest$SystemTimeMock.&lt;init&gt;(LaserTest.java:17)
	at ru.ac.uniyar.testingcourse.LaserTest$SystemTimeMock.&lt;init&gt;(LaserTest.java:17)
	at ru.ac.uniyar.testingcourse.LaserTest$SystemTimeMock.&lt;init&gt;(LaserTest.java:17)
	at ru.ac.uniyar.testingcourse.LaserTest$SystemTimeMock.&lt;init&gt;(LaserTest.java:17)
	at ru.ac.uniyar.testingcourse.LaserTest$SystemTimeMock.&lt;init&gt;(LaserTest.java:17)
	at ru.ac.uniyar.testingcourse.LaserTest$SystemTimeMock.&lt;init&gt;(LaserTest.java:17)
	at ru.ac.uniyar.testingcourse.LaserTest$SystemTimeMock.&lt;init&gt;(LaserTest.java:17)
	at ru.ac.uniyar.testingcourse.LaserTest$SystemTimeMock.&lt;init&gt;(LaserTest.java:17)
	at ru.ac.uniyar.testingcourse.LaserTest$SystemTimeMock.&lt;init&gt;(LaserTest.java:17)
	at ru.ac.uniyar.testingcourse.LaserTest$SystemTimeMock.&lt;init&gt;(LaserTest.java:17)
	at ru.ac.uniyar.testingcourse.LaserTest$SystemTimeMock.&lt;init&gt;(LaserTest.java:17)
	at ru.ac.uniyar.testingcourse.LaserTest$SystemTimeMock.&lt;init&gt;(LaserTest.java:17)
	at ru.ac.uniyar.testingcourse.LaserTest$SystemTimeMock.&lt;init&gt;(LaserTest.java:17)
	at ru.ac.uniyar.testingcourse.LaserTest$SystemTimeMock.&lt;init&gt;(LaserTest.java:17)
	at ru.ac.uniyar.testingcourse.LaserTest$SystemTimeMock.&lt;init&gt;(LaserTest.java:17)
	at ru.ac.uniyar.testingcourse.LaserTest$SystemTimeMock.&lt;init&gt;(LaserTest.java:17)
	at ru.ac.uniyar.testingcourse.LaserTest$SystemTimeMock.&lt;init&gt;(LaserTest.java:17)
	at ru.ac.uniyar.testingcourse.LaserTest$SystemTimeMock.&lt;init&gt;(LaserTest.java:17)
	at ru.ac.uniyar.testingcourse.LaserTest$SystemTimeMock.&lt;init&gt;(LaserTest.java:17)
	at ru.ac.uniyar.testingcourse.LaserTest$SystemTimeMock.&lt;init&gt;(LaserTest.java:17)
	at ru.ac.uniyar.testingcourse.LaserTest$SystemTimeMock.&lt;init&gt;(LaserTest.java:17)
	at ru.ac.uniyar.testingcourse.LaserTest$SystemTimeMock.&lt;init&gt;(LaserTest.java:17)
	at ru.ac.uniyar.testingcourse.LaserTest$SystemTimeMock.&lt;init&gt;(LaserTest.java:17)
	at ru.ac.uniyar.testingcourse.LaserTest$SystemTimeMock.&lt;init&gt;(LaserTest.java:17)
	at ru.ac.uniyar.testingcourse.LaserTest$SystemTimeMock.&lt;init&gt;(LaserTest.java:17)
	at ru.ac.uniyar.testingcourse.LaserTest$SystemTimeMock.&lt;init&gt;(LaserTest.java:17)
	at ru.ac.uniyar.testingcourse.LaserTest$SystemTimeMock.&lt;init&gt;(LaserTest.java:17)
	at ru.ac.uniyar.testingcourse.LaserTest$SystemTimeMock.&lt;init&gt;(LaserTest.java:17)
	at ru.ac.uniyar.testingcourse.LaserTest$SystemTimeMock.&lt;init&gt;(LaserTest.java:17)
	at ru.ac.uniyar.testingcourse.LaserTest$SystemTimeMock.&lt;init&gt;(LaserTest.java:17)
	at ru.ac.uniyar.testingcourse.LaserTest$SystemTimeMock.&lt;init&gt;(LaserTest.java:17)
	at ru.ac.uniyar.testingcourse.LaserTest$SystemTimeMock.&lt;init&gt;(LaserTest.java:17)
	at ru.ac.uniyar.testingcourse.LaserTest$SystemTimeMock.&lt;init&gt;(LaserTest.java:17)
	at ru.ac.uniyar.testingcourse.LaserTest$SystemTimeMock.&lt;init&gt;(LaserTest.java:17)
	at ru.ac.uniyar.testingcourse.LaserTest$SystemTimeMock.&lt;init&gt;(LaserTest.java:17)
	at ru.ac.uniyar.testingcourse.LaserTest$SystemTimeMock.&lt;init&gt;(LaserTest.java:17)
	at ru.ac.uniyar.testingcourse.LaserTest$SystemTimeMock.&lt;init&gt;(LaserTest.java:17)
	at ru.ac.uniyar.testingcourse.LaserTest$SystemTimeMock.&lt;init&gt;(LaserTest.java:17)
	at ru.ac.uniyar.testingcourse.LaserTest$SystemTimeMock.&lt;init&gt;(LaserTest.java:17)
	at ru.ac.uniyar.testingcourse.LaserTest$SystemTimeMock.&lt;init&gt;(LaserTest.java:17)
	at ru.ac.uniyar.testingcourse.LaserTest$SystemTimeMock.&lt;init&gt;(LaserTest.java:17)
	at ru.ac.uniyar.testingcourse.LaserTest$SystemTimeMock.&lt;init&gt;(LaserTest.java:17)
	at ru.ac.uniyar.testingcourse.LaserTest$SystemTimeMock.&lt;init&gt;(LaserTest.java:17)
	at ru.ac.uniyar.testingcourse.LaserTest$SystemTimeMock.&lt;init&gt;(LaserTest.java:17)
	at ru.ac.uniyar.testingcourse.LaserTest$SystemTimeMock.&lt;init&gt;(LaserTest.java:17)
	at ru.ac.uniyar.testingcourse.LaserTest$SystemTimeMock.&lt;init&gt;(LaserTest.java:17)
	at ru.ac.uniyar.testingcourse.LaserTest$SystemTimeMock.&lt;init&gt;(LaserTest.java:17)
	at ru.ac.uniyar.testingcourse.LaserTest$SystemTimeMock.&lt;init&gt;(LaserTest.java:17)
	at ru.ac.uniyar.testingcourse.LaserTest$SystemTimeMock.&lt;init&gt;(LaserTest.java:17)
	at ru.ac.uniyar.testingcourse.LaserTest$SystemTimeMock.&lt;init&gt;(LaserTest.java:17)
	at ru.ac.uniyar.testingcourse.LaserTest$SystemTimeMock.&lt;init&gt;(LaserTest.java:17)
	at ru.ac.uniyar.testingcourse.LaserTest$SystemTimeMock.&lt;init&gt;(LaserTest.java:17)
	at ru.ac.uniyar.testingcourse.LaserTest$SystemTimeMock.&lt;init&gt;(LaserTest.java:17)
	at ru.ac.uniyar.testingcourse.LaserTest$SystemTimeMock.&lt;init&gt;(LaserTest.java:17)
	at ru.ac.uniyar.testingcourse.LaserTest$SystemTimeMock.&lt;init&gt;(LaserTest.java:17)
	at ru.ac.uniyar.testingcourse.LaserTest$SystemTimeMock.&lt;init&gt;(LaserTest.java:17)
	at ru.ac.uniyar.testingcourse.LaserTest$SystemTimeMock.&lt;init&gt;(LaserTest.java:17)
	at ru.ac.uniyar.testingcourse.LaserTest$SystemTimeMock.&lt;init&gt;(LaserTest.java:17)
	at ru.ac.uniyar.testingcourse.LaserTest$SystemTimeMock.&lt;init&gt;(LaserTest.java:17)
	at ru.ac.uniyar.testingcourse.LaserTest$SystemTimeMock.&lt;init&gt;(LaserTest.java:17)
	at ru.ac.uniyar.testingcourse.LaserTest$SystemTimeMock.&lt;init&gt;(LaserTest.java:17)
	at ru.ac.uniyar.testingcourse.LaserTest$SystemTimeMock.&lt;init&gt;(LaserTest.java:17)
	at ru.ac.uniyar.testingcourse.LaserTest$SystemTimeMock.&lt;init&gt;(LaserTest.java:17)
	at ru.ac.uniyar.testingcourse.LaserTest$SystemTimeMock.&lt;init&gt;(LaserTest.java:17)
	at ru.ac.uniyar.testingcourse.LaserTest$SystemTimeMock.&lt;init&gt;(LaserTest.java:17)
	at ru.ac.uniyar.testingcourse.LaserTest$SystemTimeMock.&lt;init&gt;(LaserTest.java:17)
	at ru.ac.uniyar.testingcourse.LaserTest$SystemTimeMock.&lt;init&gt;(LaserTest.java:17)
	at ru.ac.uniyar.testingcourse.LaserTest$SystemTimeMock.&lt;init&gt;(LaserTest.java:17)
	at ru.ac.uniyar.testingcourse.LaserTest$SystemTimeMock.&lt;init&gt;(LaserTest.java:17)
	at ru.ac.uniyar.testingcourse.LaserTest$SystemTimeMock.&lt;init&gt;(LaserTest.java:17)
	at ru.ac.uniyar.testingcourse.LaserTest$SystemTimeMock.&lt;init&gt;(LaserTest.java:17)
	at ru.ac.uniyar.testingcourse.LaserTest$SystemTimeMock.&lt;init&gt;(LaserTest.java:17)
	at ru.ac.uniyar.testingcourse.LaserTest$SystemTimeMock.&lt;init&gt;(LaserTest.java:17)
	at ru.ac.uniyar.testingcourse.LaserTest$SystemTimeMock.&lt;init&gt;(LaserTest.java:17)
	at ru.ac.uniyar.testingcourse.LaserTest$SystemTimeMock.&lt;init&gt;(LaserTest.java:17)
	at ru.ac.uniyar.testingcourse.LaserTest$SystemTimeMock.&lt;init&gt;(LaserTest.java:17)
	at ru.ac.uniyar.testingcourse.LaserTest$SystemTimeMock.&lt;init&gt;(LaserTest.java:17)
	at ru.ac.uniyar.testingcourse.LaserTest$SystemTimeMock.&lt;init&gt;(LaserTest.java:17)
	at ru.ac.uniyar.testingcourse.LaserTest$SystemTimeMock.&lt;init&gt;(LaserTest.java:17)
	at ru.ac.uniyar.testingcourse.LaserTest$SystemTimeMock.&lt;init&gt;(LaserTest.java:17)
	at ru.ac.uniyar.testingcourse.LaserTest$SystemTimeMock.&lt;init&gt;(LaserTest.java:17)
	at ru.ac.uniyar.testingcourse.LaserTest$SystemTimeMock.&lt;init&gt;(LaserTest.java:17)
	at ru.ac.uniyar.testingcourse.LaserTest$SystemTimeMock.&lt;init&gt;(LaserTest.java:17)
	at ru.ac.uniyar.testingcourse.LaserTest$SystemTimeMock.&lt;init&gt;(LaserTest.java:17)
	at ru.ac.uniyar.testingcourse.LaserTest$SystemTimeMock.&lt;init&gt;(LaserTest.java:17)
	at ru.ac.uniyar.testingcourse.LaserTest$SystemTimeMock.&lt;init&gt;(LaserTest.java:17)
	at ru.ac.uniyar.testingcourse.LaserTest$SystemTimeMock.&lt;init&gt;(LaserTest.java:17)
	at ru.ac.uniyar.testingcourse.LaserTest$SystemTimeMock.&lt;init&gt;(LaserTest.java:17)
	at ru.ac.uniyar.testingcourse.LaserTest$SystemTimeMock.&lt;init&gt;(LaserTest.java:17)
	at ru.ac.uniyar.testingcourse.LaserTest$SystemTimeMock.&lt;init&gt;(LaserTest.java:17)
	at ru.ac.uniyar.testingcourse.LaserTest$SystemTimeMock.&lt;init&gt;(LaserTest.java:17)
	at ru.ac.uniyar.testingcourse.LaserTest$SystemTimeMock.&lt;init&gt;(LaserTest.java:17)
	at ru.ac.uniyar.testingcourse.LaserTest$SystemTimeMock.&lt;init&gt;(LaserTest.java:17)
	at ru.ac.uniyar.testingcourse.LaserTest$SystemTimeMock.&lt;init&gt;(LaserTest.java:17)
	at ru.ac.uniyar.testingcourse.LaserTest$SystemTimeMock.&lt;init&gt;(LaserTest.java:17)
	at ru.ac.uniyar.testingcourse.LaserTest$SystemTimeMock.&lt;init&gt;(LaserTest.java:17)
	at ru.ac.uniyar.testingcourse.LaserTest$SystemTimeMock.&lt;init&gt;(LaserTest.java:17)
	at ru.ac.uniyar.testingcourse.LaserTest$SystemTimeMock.&lt;init&gt;(LaserTest.java:17)
	at ru.ac.uniyar.testingcourse.LaserTest$SystemTimeMock.&lt;init&gt;(LaserTest.java:17)
	at ru.ac.uniyar.testingcourse.LaserTest$SystemTimeMock.&lt;init&gt;(LaserTest.java:17)
	at ru.ac.uniyar.testingcourse.LaserTest$SystemTimeMock.&lt;init&gt;(LaserTest.java:17)
	at ru.ac.uniyar.testingcourse.LaserTest$SystemTimeMock.&lt;init&gt;(LaserTest.java:17)
	at ru.ac.uniyar.testingcourse.LaserTest$SystemTimeMock.&lt;init&gt;(LaserTest.java:17)
	at ru.ac.uniyar.testingcourse.LaserTest$SystemTimeMock.&lt;init&gt;(LaserTest.java:17)
	at ru.ac.uniyar.testingcourse.LaserTest$SystemTimeMock.&lt;init&gt;(LaserTest.java:17)
	at ru.ac.uniyar.testingcourse.LaserTest$SystemTimeMock.&lt;init&gt;(LaserTest.java:17)
	at ru.ac.uniyar.testingcourse.LaserTest$SystemTimeMock.&lt;init&gt;(LaserTest.java:17)
	at ru.ac.uniyar.testingcourse.LaserTest$SystemTimeMock.&lt;init&gt;(LaserTest.java:17)
	at ru.ac.uniyar.testingcourse.LaserTest$SystemTimeMock.&lt;init&gt;(LaserTest.java:17)
	at ru.ac.uniyar.testingcourse.LaserTest$SystemTimeMock.&lt;init&gt;(LaserTest.java:17)
	at ru.ac.uniyar.testingcourse.LaserTest$SystemTimeMock.&lt;init&gt;(LaserTest.java:17)
	at ru.ac.uniyar.testingcourse.LaserTest$SystemTimeMock.&lt;init&gt;(LaserTest.java:17)
	at ru.ac.uniyar.testingcourse.LaserTest$SystemTimeMock.&lt;init&gt;(LaserTest.java:17)
	at ru.ac.uniyar.testingcourse.LaserTest$SystemTimeMock.&lt;init&gt;(LaserTest.java:17)
	at ru.ac.uniyar.testingcourse.LaserTest$SystemTimeMock.&lt;init&gt;(LaserTest.java:17)
	at ru.ac.uniyar.testingcourse.LaserTest$SystemTimeMock.&lt;init&gt;(LaserTest.java:17)
	at ru.ac.uniyar.testingcourse.LaserTest$SystemTimeMock.&lt;init&gt;(LaserTest.java:17)
	at ru.ac.uniyar.testingcourse.LaserTest$SystemTimeMock.&lt;init&gt;(LaserTest.java:17)
	at ru.ac.uniyar.testingcourse.LaserTest$SystemTimeMock.&lt;init&gt;(LaserTest.java:17)
	at ru.ac.uniyar.testingcourse.LaserTest$SystemTimeMock.&lt;init&gt;(LaserTest.java:17)
	at ru.ac.uniyar.testingcourse.LaserTest$SystemTimeMock.&lt;init&gt;(LaserTest.java:17)
	at ru.ac.uniyar.testingcourse.LaserTest$SystemTimeMock.&lt;init&gt;(LaserTest.java:17)
	at ru.ac.uniyar.testingcourse.LaserTest$SystemTimeMock.&lt;init&gt;(LaserTest.java:17)
	at ru.ac.uniyar.testingcourse.LaserTest$SystemTimeMock.&lt;init&gt;(LaserTest.java:17)
	at ru.ac.uniyar.testingcourse.LaserTest$SystemTimeMock.&lt;init&gt;(LaserTest.java:17)
	at ru.ac.uniyar.testingcourse.LaserTest$SystemTimeMock.&lt;init&gt;(LaserTest.java:17)
	at ru.ac.uniyar.testingcourse.LaserTest$SystemTimeMock.&lt;init&gt;(LaserTest.java:17)
	at ru.ac.uniyar.testingcourse.LaserTest$SystemTimeMock.&lt;init&gt;(LaserTest.java:17)
	at ru.ac.uniyar.testingcourse.LaserTest$SystemTimeMock.&lt;init&gt;(LaserTest.java:17)
	at ru.ac.uniyar.testingcourse.LaserTest$SystemTimeMock.&lt;init&gt;(LaserTest.java:17)
	at ru.ac.uniyar.testingcourse.LaserTest$SystemTimeMock.&lt;init&gt;(LaserTest.java:17)
	at ru.ac.uniyar.testingcourse.LaserTest$SystemTimeMock.&lt;init&gt;(LaserTest.java:17)
	at ru.ac.uniyar.testingcourse.LaserTest$SystemTimeMock.&lt;init&gt;(LaserTest.java:17)
	at ru.ac.uniyar.testingcourse.LaserTest$SystemTimeMock.&lt;init&gt;(LaserTest.java:17)
	at ru.ac.uniyar.testingcourse.LaserTest$SystemTimeMock.&lt;init&gt;(LaserTest.java:17)
	at ru.ac.uniyar.testingcourse.LaserTest$SystemTimeMock.&lt;init&gt;(LaserTest.java:17)
	at ru.ac.uniyar.testingcourse.LaserTest$SystemTimeMock.&lt;init&gt;(LaserTest.java:17)
	at ru.ac.uniyar.testingcourse.LaserTest$SystemTimeMock.&lt;init&gt;(LaserTest.java:17)
	at ru.ac.uniyar.testingcourse.LaserTest$SystemTimeMock.&lt;init&gt;(LaserTest.java:17)
	at ru.ac.uniyar.testingcourse.LaserTest$SystemTimeMock.&lt;init&gt;(LaserTest.java:17)
	at ru.ac.uniyar.testingcourse.LaserTest$SystemTimeMock.&lt;init&gt;(LaserTest.java:17)
	at ru.ac.uniyar.testingcourse.LaserTest$SystemTimeMock.&lt;init&gt;(LaserTest.java:17)
	at ru.ac.uniyar.testingcourse.LaserTest$SystemTimeMock.&lt;init&gt;(LaserTest.java:17)
	at ru.ac.uniyar.testingcourse.LaserTest$SystemTimeMock.&lt;init&gt;(LaserTest.java:17)
	at ru.ac.uniyar.testingcourse.LaserTest$SystemTimeMock.&lt;init&gt;(LaserTest.java:17)
	at ru.ac.uniyar.testingcourse.LaserTest$SystemTimeMock.&lt;init&gt;(LaserTest.java:17)
	at ru.ac.uniyar.testingcourse.LaserTest$SystemTimeMock.&lt;init&gt;(LaserTest.java:17)
	at ru.ac.uniyar.testingcourse.LaserTest$SystemTimeMock.&lt;init&gt;(LaserTest.java:17)
	at ru.ac.uniyar.testingcourse.LaserTest$SystemTimeMock.&lt;init&gt;(LaserTest.java:17)
	at ru.ac.uniyar.testingcourse.LaserTest$SystemTimeMock.&lt;init&gt;(LaserTest.java:17)
	at ru.ac.uniyar.testingcourse.LaserTest$SystemTimeMock.&lt;init&gt;(LaserTest.java:17)
	at ru.ac.uniyar.testingcourse.LaserTest$SystemTimeMock.&lt;init&gt;(LaserTest.java:17)
	at ru.ac.uniyar.testingcourse.LaserTest$SystemTimeMock.&lt;init&gt;(LaserTest.java:17)
	at ru.ac.uniyar.testingcourse.LaserTest$SystemTimeMock.&lt;init&gt;(LaserTest.java:17)
	at ru.ac.uniyar.testingcourse.LaserTest$SystemTimeMock.&lt;init&gt;(LaserTest.java:17)
	at ru.ac.uniyar.testingcourse.LaserTest$SystemTimeMock.&lt;init&gt;(LaserTest.java:17)
	at ru.ac.uniyar.testingcourse.LaserTest$SystemTimeMock.&lt;init&gt;(LaserTest.java:17)
	at ru.ac.uniyar.testingcourse.LaserTest$SystemTimeMock.&lt;init&gt;(LaserTest.java:17)
	at ru.ac.uniyar.testingcourse.LaserTest$SystemTimeMock.&lt;init&gt;(LaserTest.java:17)
	at ru.ac.uniyar.testingcourse.LaserTest$SystemTimeMock.&lt;init&gt;(LaserTest.java:17)
	at ru.ac.uniyar.testingcourse.LaserTest$SystemTimeMock.&lt;init&gt;(LaserTest.java:17)
	at ru.ac.uniyar.testingcourse.LaserTest$SystemTimeMock.&lt;init&gt;(LaserTest.java:17)
	at ru.ac.uniyar.testingcourse.LaserTest$SystemTimeMock.&lt;init&gt;(LaserTest.java:17)
	at ru.ac.uniyar.testingcourse.LaserTest$SystemTimeMock.&lt;init&gt;(LaserTest.java:17)
	at ru.ac.uniyar.testingcourse.LaserTest$SystemTimeMock.&lt;init&gt;(LaserTest.java:17)
	at ru.ac.uniyar.testingcourse.LaserTest$SystemTimeMock.&lt;init&gt;(LaserTest.java:17)
	at ru.ac.uniyar.testingcourse.LaserTest$SystemTimeMock.&lt;init&gt;(LaserTest.java:17)
	at ru.ac.uniyar.testingcourse.LaserTest$SystemTimeMock.&lt;init&gt;(LaserTest.java:17)
	at ru.ac.uniyar.testingcourse.LaserTest$SystemTimeMock.&lt;init&gt;(LaserTest.java:17)
	at ru.ac.uniyar.testingcourse.LaserTest$SystemTimeMock.&lt;init&gt;(LaserTest.java:17)
	at ru.ac.uniyar.testingcourse.LaserTest$SystemTimeMock.&lt;init&gt;(LaserTest.java:17)
	at ru.ac.uniyar.testingcourse.LaserTest$SystemTimeMock.&lt;init&gt;(LaserTest.java:17)
	at ru.ac.uniyar.testingcourse.LaserTest$SystemTimeMock.&lt;init&gt;(LaserTest.java:17)
	at ru.ac.uniyar.testingcourse.LaserTest$SystemTimeMock.&lt;init&gt;(LaserTest.java:17)
	at ru.ac.uniyar.testingcourse.LaserTest$SystemTimeMock.&lt;init&gt;(LaserTest.java:17)
	at ru.ac.uniyar.testingcourse.LaserTest$SystemTimeMock.&lt;init&gt;(LaserTest.java:17)
	at ru.ac.uniyar.testingcourse.LaserTest$SystemTimeMock.&lt;init&gt;(LaserTest.java:17)
	at ru.ac.uniyar.testingcourse.LaserTest$SystemTimeMock.&lt;init&gt;(LaserTest.java:17)
	at ru.ac.uniyar.testingcourse.LaserTest$SystemTimeMock.&lt;init&gt;(LaserTest.java:17)
	at ru.ac.uniyar.testingcourse.LaserTest$SystemTimeMock.&lt;init&gt;(LaserTest.java:17)
	at ru.ac.uniyar.testingcourse.LaserTest$SystemTimeMock.&lt;init&gt;(LaserTest.java:17)
	at ru.ac.uniyar.testingcourse.LaserTest$SystemTimeMock.&lt;init&gt;(LaserTest.java:17)
	at ru.ac.uniyar.testingcourse.LaserTest$SystemTimeMock.&lt;init&gt;(LaserTest.java:17)
	at ru.ac.uniyar.testingcourse.LaserTest$SystemTimeMock.&lt;init&gt;(LaserTest.java:17)
	at ru.ac.uniyar.testingcourse.LaserTest$SystemTimeMock.&lt;init&gt;(LaserTest.java:17)
	at ru.ac.uniyar.testingcourse.LaserTest$SystemTimeMock.&lt;init&gt;(LaserTest.java:17)
	at ru.ac.uniyar.testingcourse.LaserTest$SystemTimeMock.&lt;init&gt;(LaserTest.java:17)
	at ru.ac.uniyar.testingcourse.LaserTest$SystemTimeMock.&lt;init&gt;(LaserTest.java:17)
	at ru.ac.uniyar.testingcourse.LaserTest$SystemTimeMock.&lt;init&gt;(LaserTest.java:17)
	at ru.ac.uniyar.testingcourse.LaserTest$SystemTimeMock.&lt;init&gt;(LaserTest.java:17)
	at ru.ac.uniyar.testingcourse.LaserTest$SystemTimeMock.&lt;init&gt;(LaserTest.java:17)
	at ru.ac.uniyar.testingcourse.LaserTest$SystemTimeMock.&lt;init&gt;(LaserTest.java:17)
	at ru.ac.uniyar.testingcourse.LaserTest$SystemTimeMock.&lt;init&gt;(LaserTest.java:17)
	at ru.ac.uniyar.testingcourse.LaserTest$SystemTimeMock.&lt;init&gt;(LaserTest.java:17)
	at ru.ac.uniyar.testingcourse.LaserTest$SystemTimeMock.&lt;init&gt;(LaserTest.java:17)
	at ru.ac.uniyar.testingcourse.LaserTest$SystemTimeMock.&lt;init&gt;(LaserTest.java:17)
	at ru.ac.uniyar.testingcourse.LaserTest$SystemTimeMock.&lt;init&gt;(LaserTest.java:17)
	at ru.ac.uniyar.testingcourse.LaserTest$SystemTimeMock.&lt;init&gt;(LaserTest.java:17)
	at ru.ac.uniyar.testingcourse.LaserTest$SystemTimeMock.&lt;init&gt;(LaserTest.java:17)
	at ru.ac.uniyar.testingcourse.LaserTest$SystemTimeMock.&lt;init&gt;(LaserTest.java:17)
	at ru.ac.uniyar.testingcourse.LaserTest$SystemTimeMock.&lt;init&gt;(LaserTest.java:17)
	at ru.ac.uniyar.testingcourse.LaserTest$SystemTimeMock.&lt;init&gt;(LaserTest.java:17)
	at ru.ac.uniyar.testingcourse.LaserTest$SystemTimeMock.&lt;init&gt;(LaserTest.java:17)
	at ru.ac.uniyar.testingcourse.LaserTest$SystemTimeMock.&lt;init&gt;(LaserTest.java:17)
	at ru.ac.uniyar.testingcourse.LaserTest$SystemTimeMock.&lt;init&gt;(LaserTest.java:17)
	at ru.ac.uniyar.testingcourse.LaserTest$SystemTimeMock.&lt;init&gt;(LaserTest.java:17)
	at ru.ac.uniyar.testingcourse.LaserTest$SystemTimeMock.&lt;init&gt;(LaserTest.java:17)
	at ru.ac.uniyar.testingcourse.LaserTest$SystemTimeMock.&lt;init&gt;(LaserTest.java:17)
	at ru.ac.uniyar.testingcourse.LaserTest$SystemTimeMock.&lt;init&gt;(LaserTest.java:17)
	at ru.ac.uniyar.testingcourse.LaserTest$SystemTimeMock.&lt;init&gt;(LaserTest.java:17)
	at ru.ac.uniyar.testingcourse.LaserTest$SystemTimeMock.&lt;init&gt;(LaserTest.java:17)
	at ru.ac.uniyar.testingcourse.LaserTest$SystemTimeMock.&lt;init&gt;(LaserTest.java:17)
	at ru.ac.uniyar.testingcourse.LaserTest$SystemTimeMock.&lt;init&gt;(LaserTest.java:17)
	at ru.ac.uniyar.testingcourse.LaserTest$SystemTimeMock.&lt;init&gt;(LaserTest.java:17)
	at ru.ac.uniyar.testingcourse.LaserTest$SystemTimeMock.&lt;init&gt;(LaserTest.java:17)
	at ru.ac.uniyar.testingcourse.LaserTest$SystemTimeMock.&lt;init&gt;(LaserTest.java:17)
	at ru.ac.uniyar.testingcourse.LaserTest$SystemTimeMock.&lt;init&gt;(LaserTest.java:17)
	at ru.ac.uniyar.testingcourse.LaserTest$SystemTimeMock.&lt;init&gt;(LaserTest.java:17)
	at ru.ac.uniyar.testingcourse.LaserTest$SystemTimeMock.&lt;init&gt;(LaserTest.java:17)
	at ru.ac.uniyar.testingcourse.LaserTest$SystemTimeMock.&lt;init&gt;(LaserTest.java:17)
	at ru.ac.uniyar.testingcourse.LaserTest$SystemTimeMock.&lt;init&gt;(LaserTest.java:17)
	at ru.ac.uniyar.testingcourse.LaserTest$SystemTimeMock.&lt;init&gt;(LaserTest.java:17)
	at ru.ac.uniyar.testingcourse.LaserTest$SystemTimeMock.&lt;init&gt;(LaserTest.java:17)
	at ru.ac.uniyar.testingcourse.LaserTest$SystemTimeMock.&lt;init&gt;(LaserTest.java:17)
	at ru.ac.uniyar.testingcourse.LaserTest$SystemTimeMock.&lt;init&gt;(LaserTest.java:17)
	at ru.ac.uniyar.testingcourse.LaserTest$SystemTimeMock.&lt;init&gt;(LaserTest.java:17)
	at ru.ac.uniyar.testingcourse.LaserTest$SystemTimeMock.&lt;init&gt;(LaserTest.java:17)
	at ru.ac.uniyar.testingcourse.LaserTest$SystemTimeMock.&lt;init&gt;(LaserTest.java:17)
	at ru.ac.uniyar.testingcourse.LaserTest$SystemTimeMock.&lt;init&gt;(LaserTest.java:17)
	at ru.ac.uniyar.testingcourse.LaserTest$SystemTimeMock.&lt;init&gt;(LaserTest.java:17)
	at ru.ac.uniyar.testingcourse.LaserTest$SystemTimeMock.&lt;init&gt;(LaserTest.java:17)
	at ru.ac.uniyar.testingcourse.LaserTest$SystemTimeMock.&lt;init&gt;(LaserTest.java:17)
	at ru.ac.uniyar.testingcourse.LaserTest$SystemTimeMock.&lt;init&gt;(LaserTest.java:17)
	at ru.ac.uniyar.testingcourse.LaserTest$SystemTimeMock.&lt;init&gt;(LaserTest.java:17)
	at ru.ac.uniyar.testingcourse.LaserTest$SystemTimeMock.&lt;init&gt;(LaserTest.java:17)
	at ru.ac.uniyar.testingcourse.LaserTest$SystemTimeMock.&lt;init&gt;(LaserTest.java:17)
	at ru.ac.uniyar.testingcourse.LaserTest$SystemTimeMock.&lt;init&gt;(LaserTest.java:17)
	at ru.ac.uniyar.testingcourse.LaserTest$SystemTimeMock.&lt;init&gt;(LaserTest.java:17)
	at ru.ac.uniyar.testingcourse.LaserTest$SystemTimeMock.&lt;init&gt;(LaserTest.java:17)
	at ru.ac.uniyar.testingcourse.LaserTest$SystemTimeMock.&lt;init&gt;(LaserTest.java:17)
	at ru.ac.uniyar.testingcourse.LaserTest$SystemTimeMock.&lt;init&gt;(LaserTest.java:17)
	at ru.ac.uniyar.testingcourse.LaserTest$SystemTimeMock.&lt;init&gt;(LaserTest.java:17)
	at ru.ac.uniyar.testingcourse.LaserTest$SystemTimeMock.&lt;init&gt;(LaserTest.java:17)
	at ru.ac.uniyar.testingcourse.LaserTest$SystemTimeMock.&lt;init&gt;(LaserTest.java:17)
	at ru.ac.uniyar.testingcourse.LaserTest$SystemTimeMock.&lt;init&gt;(LaserTest.java:17)
	at ru.ac.uniyar.testingcourse.LaserTest$SystemTimeMock.&lt;init&gt;(LaserTest.java:17)
	at ru.ac.uniyar.testingcourse.LaserTest$SystemTimeMock.&lt;init&gt;(LaserTest.java:17)
	at ru.ac.uniyar.testingcourse.LaserTest$SystemTimeMock.&lt;init&gt;(LaserTest.java:17)
	at ru.ac.uniyar.testingcourse.LaserTest$SystemTimeMock.&lt;init&gt;(LaserTest.java:17)
	at ru.ac.uniyar.testingcourse.LaserTest$SystemTimeMock.&lt;init&gt;(LaserTest.java:17)
	at ru.ac.uniyar.testingcourse.LaserTest$SystemTimeMock.&lt;init&gt;(LaserTest.java:17)
	at ru.ac.uniyar.testingcourse.LaserTest$SystemTimeMock.&lt;init&gt;(LaserTest.java:17)
	at ru.ac.uniyar.testingcourse.LaserTest$SystemTimeMock.&lt;init&gt;(LaserTest.java:17)
	at ru.ac.uniyar.testingcourse.LaserTest$SystemTimeMock.&lt;init&gt;(LaserTest.java:17)
	at ru.ac.uniyar.testingcourse.LaserTest$SystemTimeMock.&lt;init&gt;(LaserTest.java:17)
	at ru.ac.uniyar.testingcourse.LaserTest$SystemTimeMock.&lt;init&gt;(LaserTest.java:17)
	at ru.ac.uniyar.testingcourse.LaserTest$SystemTimeMock.&lt;init&gt;(LaserTest.java:17)
	at ru.ac.uniyar.testingcourse.LaserTest$SystemTimeMock.&lt;init&gt;(LaserTest.java:17)
	at ru.ac.uniyar.testingcourse.LaserTest$SystemTimeMock.&lt;init&gt;(LaserTest.java:17)
	at ru.ac.uniyar.testingcourse.LaserTest$SystemTimeMock.&lt;init&gt;(LaserTest.java:17)
	at ru.ac.uniyar.testingcourse.LaserTest$SystemTimeMock.&lt;init&gt;(LaserTest.java:17)
	at ru.ac.uniyar.testingcourse.LaserTest$SystemTimeMock.&lt;init&gt;(LaserTest.java:17)
	at ru.ac.uniyar.testingcourse.LaserTest$SystemTimeMock.&lt;init&gt;(LaserTest.java:17)
	at ru.ac.uniyar.testingcourse.LaserTest$SystemTimeMock.&lt;init&gt;(LaserTest.java:17)
	at ru.ac.uniyar.testingcourse.LaserTest$SystemTimeMock.&lt;init&gt;(LaserTest.java:17)
	at ru.ac.uniyar.testingcourse.LaserTest$SystemTimeMock.&lt;init&gt;(LaserTest.java:17)
	at ru.ac.uniyar.testingcourse.LaserTest$SystemTimeMock.&lt;init&gt;(LaserTest.java:17)
	at ru.ac.uniyar.testingcourse.LaserTest$SystemTimeMock.&lt;init&gt;(LaserTest.java:17)
	at ru.ac.uniyar.testingcourse.LaserTest$SystemTimeMock.&lt;init&gt;(LaserTest.java:17)
	at sun.reflect.NativeConstructorAccessorImpl.newInstance0(Native Method)
	at sun.reflect.NativeConstructorAccessorImpl.newInstance(NativeConstructorAccessorImpl.java:62)
	at sun.reflect.DelegatingConstructorAccessorImpl.newInstance(DelegatingConstructorAccessorImpl.java:45)
	at java.lang.reflect.Constructor.newInstance(Constructor.java:423)
	at org.junit.platform.commons.util.ReflectionUtils.newInstance(ReflectionUtils.java:513)
	at org.junit.jupiter.engine.execution.ConstructorInvocation.proceed(ConstructorInvocation.java:56)
	at org.junit.jupiter.engine.execution.InvocationInterceptorChain$ValidatingInvocation.proceed(InvocationInterceptorChain.java:131)
	at org.junit.jupiter.api.extension.InvocationInterceptor.interceptTestClassConstructor(InvocationInterceptor.java:72)
	at org.junit.jupiter.engine.execution.ExecutableInvoker.lambda$invoke$0(ExecutableInvoker.java:105)
	at org.junit.jupiter.engine.execution.InvocationInterceptorChain$InterceptedInvocation.proceed(InvocationInterceptorChain.java:106)
	at org.junit.jupiter.engine.execution.InvocationInterceptorChain.proceed(InvocationInterceptorChain.java:64)
	at org.junit.jupiter.engine.execution.InvocationInterceptorChain.chainAndInvoke(InvocationInterceptorChain.java:45)
	at org.junit.jupiter.engine.execution.InvocationInterceptorChain.invoke(InvocationInterceptorChain.java:37)
	at org.junit.jupiter.engine.execution.ExecutableInvoker.invoke(ExecutableInvoker.java:104)
	at org.junit.jupiter.engine.execution.ExecutableInvoker.invoke(ExecutableInvoker.java:77)
	at org.junit.jupiter.engine.descriptor.ClassBasedTestDescriptor.invokeTestClassConstructor(ClassBasedTestDescriptor.java:342)
	at org.junit.jupiter.engine.descriptor.ClassBasedTestDescriptor.instantiateTestClass(ClassBasedTestDescriptor.java:289)
	at org.junit.jupiter.engine.descriptor.ClassTestDescriptor.instantiateTestClass(ClassTestDescriptor.java:79)
	at org.junit.jupiter.engine.descriptor.ClassBasedTestDescriptor.instantiateAndPostProcessTestInstance(ClassBasedTestDescriptor.java:267)
	at org.junit.jupiter.engine.descriptor.ClassBasedTestDescriptor.lambda$testInstancesProvider$2(ClassBasedTestDescriptor.java:259)
	at java.util.Optional.orElseGet(Optional.java:267)
	at org.junit.jupiter.engine.descriptor.ClassBasedTestDescriptor.lambda$testInstancesProvider$3(ClassBasedTestDescriptor.java:258)
	at org.junit.jupiter.engine.execution.TestInstancesProvider.getTestInstances(TestInstancesProvider.java:31)
	at org.junit.jupiter.engine.descriptor.TestMethodTestDescriptor.lambda$prepare$0(TestMethodTestDescriptor.java:101)
	at org.junit.platform.engine.support.hierarchical.ThrowableCollector.execute(ThrowableCollector.java:73)
	at org.junit.jupiter.engine.descriptor.TestMethodTestDescriptor.prepare(TestMethodTestDescriptor.java:100)
	at org.junit.jupiter.engine.descriptor.TestMethodTestDescriptor.prepare(TestMethodTestDescriptor.java:65)
	at org.junit.platform.engine.support.hierarchical.NodeTestTask.lambda$prepare$1(NodeTestTask.java:111)
	at org.junit.platform.engine.support.hierarchical.ThrowableCollector.execute(ThrowableCollector.java:73)
	at org.junit.platform.engine.support.hierarchical.NodeTestTask.prepare(NodeTestTask.java:111)
	at org.junit.platform.engine.support.hierarchical.NodeTestTask.execute(NodeTestTask.java:79)
	at java.util.ArrayList.forEach(ArrayList.java:1257)
	at org.junit.platform.engine.support.hierarchical.SameThreadHierarchicalTestExecutorService.invokeAll(SameThreadHierarchicalTestExecutorService.java:38)
	at org.junit.platform.engine.support.hierarchical.NodeTestTask.lambda$executeRecursively$5(NodeTestTask.java:143)
	at org.junit.platform.engine.support.hierarchical.ThrowableCollector.execute(ThrowableCollector.java:73)
	at org.junit.platform.engine.support.hierarchical.NodeTestTask.lambda$executeRecursively$7(NodeTestTask.java:129)
	at org.junit.platform.engine.support.hierarchical.Node.around(Node.java:137)
	at org.junit.platform.engine.support.hierarchical.NodeTestTask.lambda$executeRecursively$8(NodeTestTask.java:127)
	at org.junit.platform.engine.support.hierarchical.ThrowableCollector.execute(ThrowableCollector.java:73)
	at org.junit.platform.engine.support.hierarchical.NodeTestTask.executeRecursively(NodeTestTask.java:126)
	at org.junit.platform.engine.support.hierarchical.NodeTestTask.execute(NodeTestTask.java:84)
	at java.util.ArrayList.forEach(ArrayList.java:1257)
	at org.junit.platform.engine.support.hierarchical.SameThreadHierarchicalTestExecutorService.invokeAll(SameThreadHierarchicalTestExecutorService.java:38)
	at org.junit.platform.engine.support.hierarchical.NodeTestTask.lambda$executeRecursively$5(NodeTestTask.java:143)
	at org.junit.platform.engine.support.hierarchical.ThrowableCollector.execute(ThrowableCollector.java:73)
	at org.junit.platform.engine.support.hierarchical.NodeTestTask.lambda$executeRecursively$7(NodeTestTask.java:129)
	at org.junit.platform.engine.support.hierarchical.Node.around(Node.java:137)
	at org.junit.platform.engine.support.hierarchical.NodeTestTask.lambda$executeRecursively$8(NodeTestTask.java:127)
	at org.junit.platform.engine.support.hierarchical.ThrowableCollector.execute(ThrowableCollector.java:73)
	at org.junit.platform.engine.support.hierarchical.NodeTestTask.executeRecursively(NodeTestTask.java:126)
	at org.junit.platform.engine.support.hierarchical.NodeTestTask.execute(NodeTestTask.java:84)
	at org.junit.platform.engine.support.hierarchical.SameThreadHierarchicalTestExecutorService.submit(SameThreadHierarchicalTestExecutorService.java:32)
	at org.junit.platform.engine.support.hierarchical.HierarchicalTestExecutor.execute(HierarchicalTestExecutor.java:57)
	at org.junit.platform.engine.support.hierarchical.HierarchicalTestEngine.execute(HierarchicalTestEngine.java:51)
	at org.junit.platform.launcher.core.EngineExecutionOrchestrator.execute(EngineExecutionOrchestrator.java:108)
	at org.junit.platform.launcher.core.EngineExecutionOrchestrator.execute(EngineExecutionOrchestrator.java:88)
	at org.junit.platform.launcher.core.EngineExecutionOrchestrator.lambda$execute$0(EngineExecutionOrchestrator.java:54)
	at org.junit.platform.launcher.core.EngineExecutionOrchestrator.withInterceptedStreams(EngineExecutionOrchestrator.java:67)
	at org.junit.platform.launcher.core.EngineExecutionOrchestrator.execute(EngineExecutionOrchestrator.java:52)
	at org.junit.platform.launcher.core.DefaultLauncher.execute(DefaultLauncher.java:96)
	at org.junit.platform.launcher.core.DefaultLauncher.execute(DefaultLauncher.java:75)
	at org.gradle.api.internal.tasks.testing.junitplatform.JUnitPlatformTestClassProcessor$CollectAllTestClassesExecutor.processAllTestClasses(JUnitPlatformTestClassProcessor.java:99)
	at org.gradle.api.internal.tasks.testing.junitplatform.JUnitPlatformTestClassProcessor$CollectAllTestClassesExecutor.access$000(JUnitPlatformTestClassProcessor.java:79)
	at org.gradle.api.internal.tasks.testing.junitplatform.JUnitPlatformTestClassProcessor.stop(JUnitPlatformTestClassProcessor.java:75)
	at org.gradle.api.internal.tasks.testing.SuiteTestClassProcessor.stop(SuiteTestClassProcessor.java:61)
	at sun.reflect.NativeMethodAccessorImpl.invoke0(Native Method)
	at sun.reflect.NativeMethodAccessorImpl.invoke(NativeMethodAccessorImpl.java:62)
	at sun.reflect.DelegatingMethodAccessorImpl.invoke(DelegatingMethodAccessorImpl.java:43)
	at java.lang.reflect.Method.invoke(Method.java:498)
	at org.gradle.internal.dispatch.ReflectionDispatch.dispatch(ReflectionDispatch.java:36)
	at org.gradle.internal.dispatch.ReflectionDispatch.dispatch(ReflectionDispatch.java:24)
	at org.gradle.internal.dispatch.ContextClassLoaderDispatch.dispatch(ContextClassLoaderDispatch.java:33)
	at org.gradle.internal.dispatch.ProxyDispatchAdapter$DispatchingInvocationHandler.invoke(ProxyDispatchAdapter.java:94)
	at com.sun.proxy.$Proxy2.stop(Unknown Source)
	at org.gradle.api.internal.tasks.testing.worker.TestWorker.stop(TestWorker.java:133)
	at sun.reflect.NativeMethodAccessorImpl.invoke0(Native Method)
	at sun.reflect.NativeMethodAccessorImpl.invoke(NativeMethodAccessorImpl.java:62)
	at sun.reflect.DelegatingMethodAccessorImpl.invoke(DelegatingMethodAccessorImpl.java:43)
	at java.lang.reflect.Method.invoke(Method.java:498)
	at org.gradle.internal.dispatch.ReflectionDispatch.dispatch(ReflectionDispatch.java:36)
	at org.gradle.internal.dispatch.ReflectionDispatch.dispatch(ReflectionDispatch.java:24)
	at org.gradle.internal.remote.internal.hub.MessageHubBackedObjectConnection$DispatchWrapper.dispatch(MessageHubBackedObjectConnection.java:182)
	at org.gradle.internal.remote.internal.hub.MessageHubBackedObjectConnection$DispatchWrapper.dispatch(MessageHubBackedObjectConnection.java:164)
	at org.gradle.internal.remote.internal.hub.MessageHub$Handler.run(MessageHub.java:414)
	at org.gradle.internal.concurrent.ExecutorPolicy$CatchAndRecordFailures.onExecute(ExecutorPolicy.java:64)
	at org.gradle.internal.concurrent.ManagedExecutorImpl$1.run(ManagedExecutorImpl.java:48)
	at java.util.concurrent.ThreadPoolExecutor.runWorker(ThreadPoolExecutor.java:1149)
	at java.util.concurrent.ThreadPoolExecutor$Worker.run(ThreadPoolExecutor.java:624)
	at org.gradle.internal.concurrent.ThreadFactoryImpl$ManagedThreadRunnable.run(ThreadFactoryImpl.java:56)
	at java.lang.Thread.run(Thread.java:748)
</failure>
  </testcase>
  <system-out><![CDATA[]]></system-out>
  <system-err><![CDATA[]]></system-err>
</testsuite>
