<?xml version="1.0" encoding="UTF-8"?>
<testsuite name="ru.ac.uniyar.testingcourse.LinearEquationSolverTest" tests="6" skipped="0" failures="0" errors="0" timestamp="2021-03-10T07:17:03" hostname="PC216-03" time="0.324">
  <properties/>
  <testcase name="equalTo()" classname="ru.ac.uniyar.testingcourse.LinearEquationSolverTest" time="0.299"/>
  <testcase name="precision2Test()" classname="ru.ac.uniyar.testingcourse.LinearEquationSolverTest" time="0.008"/>
  <testcase name="precisionOldTo()" classname="ru.ac.uniyar.testingcourse.LinearEquationSolverTest" time="0.009"/>
  <testcase name="rationalTest()" classname="ru.ac.uniyar.testingcourse.LinearEquationSolverTest" time="0.001"/>
  <testcase name="precisionTest()" classname="ru.ac.uniyar.testingcourse.LinearEquationSolverTest" time="0.001"/>
  <testcase name="simpleTestCase()" classname="ru.ac.uniyar.testingcourse.LinearEquationSolverTest" time="0.0"/>
  <system-out><![CDATA[]]></system-out>
  <system-err><![CDATA[]]></system-err>
</testsuite>
