<?xml version="1.0" encoding="UTF-8"?>
<testsuite name="ru.ac.uniyar.testingcourse.LinearEquationSolverTest" tests="9" skipped="0" failures="0" errors="0" timestamp="2021-03-10T07:39:02" hostname="PC216-03" time="0.354">
  <properties/>
  <testcase name="simpleCase()" classname="ru.ac.uniyar.testingcourse.LinearEquationSolverTest" time="0.303"/>
  <testcase name="precision2Test()" classname="ru.ac.uniyar.testingcourse.LinearEquationSolverTest" time="0.016"/>
  <testcase name="precisionOldTo()" classname="ru.ac.uniyar.testingcourse.LinearEquationSolverTest" time="0.011"/>
  <testcase name="rationalCase()" classname="ru.ac.uniyar.testingcourse.LinearEquationSolverTest" time="0.003"/>
  <testcase name="rationalTest()" classname="ru.ac.uniyar.testingcourse.LinearEquationSolverTest" time="0.001"/>
  <testcase name="precisionTest()" classname="ru.ac.uniyar.testingcourse.LinearEquationSolverTest" time="0.0"/>
  <testcase name="simpleTestCase()" classname="ru.ac.uniyar.testingcourse.LinearEquationSolverTest" time="0.001"/>
  <testcase name="exceptionCase()" classname="ru.ac.uniyar.testingcourse.LinearEquationSolverTest" time="0.008"/>
  <testcase name="noRootsCase()" classname="ru.ac.uniyar.testingcourse.LinearEquationSolverTest" time="0.001"/>
  <system-out><![CDATA[]]></system-out>
  <system-err><![CDATA[]]></system-err>
</testsuite>
