<?xml version="1.0" encoding="UTF-8"?>
<testsuite name="ru.ac.uniyar.testingcourse.LinearEquationSolverTest" tests="3" skipped="0" failures="0" errors="0" timestamp="2021-03-10T06:55:04" hostname="PC216-03" time="0.296">
  <properties/>
  <testcase name="equalTo()" classname="ru.ac.uniyar.testingcourse.LinearEquationSolverTest" time="0.281"/>
  <testcase name="rationalTest()" classname="ru.ac.uniyar.testingcourse.LinearEquationSolverTest" time="0.012"/>
  <testcase name="simpleTestCase()" classname="ru.ac.uniyar.testingcourse.LinearEquationSolverTest" time="0.002"/>
  <system-out><![CDATA[]]></system-out>
  <system-err><![CDATA[]]></system-err>
</testsuite>
