<?xml version="1.0" encoding="UTF-8"?>
<testsuite name="com.practicalunittesting.chp05.types.TestClass" tests="1" skipped="0" failures="0" errors="0" timestamp="2021-05-19T07:01:28" hostname="PC216-23" time="0.212">
  <properties/>
  <testcase name="testTemplateEngineCalling()" classname="com.practicalunittesting.chp05.types.TestClass" time="0.212"/>
  <system-out><![CDATA[]]></system-out>
  <system-err><![CDATA[]]></system-err>
</testsuite>
